<?xml version="1.0" encoding="UTF-8"?>
<!-- Generated by org.testng.reporters.JUnitReportReporter -->
<testsuite hostname="LAPTOP-VT8HT1H2" failures="0" tests="1" name="com.glogs.pract" time="4.249" errors="0" timestamp="2021-04-22T10:52:48 IST" skipped="0">
  <testcase classname="com.glogs.pract" name="method" time="4.249"/>
  <system-out/>
</testsuite> <!-- com.glogs.pract -->
